# JRE version: Java(TM) SE Runtime Environment (8.0_152-b16) (build 1.8.0_152-b16)
# Java VM: Java HotSpot(TM) 64-Bit Server VM (25.152-b16 mixed mode windows-amd64 compressed oops)
Heap:
 PSYoungGen      total 131072K, used 8780K [0x000000076c600000, 0x0000000777380000, 0x00000007c0000000)
  eden space 122880K, 7% used [0x000000076c600000,0x000000076ce93238,0x0000000773e00000)
  from space 8192K, 0% used [0x0000000774700000,0x0000000774700000,0x0000000774f00000)
  to   space 9216K, 0% used [0x0000000773e00000,0x0000000773e00000,0x0000000774700000)
 ParOldGen       total 169472K, used 10961K [0x00000006c5200000, 0x00000006cf780000, 0x000000076c600000)
  object space 169472K, 6% used [0x00000006c5200000,0x00000006c5cb45e8,0x00000006cf780000)
 Metaspace       used 33846K, capacity 36058K, committed 36312K, reserved 1081344K
  class space    used 4311K, capacity 4731K, committed 4824K, reserved 1048576K
GC Heap History (10 events):
Event: 0.972 GC heap before
{Heap before GC invocations=4 (full 1):
 PSYoungGen      total 75264K, used 5784K [0x000000076c600000, 0x0000000775900000, 0x00000007c0000000)
  eden space 64512K, 0% used [0x000000076c600000,0x000000076c600000,0x0000000770500000)
  from space 10752K, 53% used [0x0000000770500000,0x0000000770aa61b0,0x0000000770f80000)
  to   space 10752K, 0% used [0x0000000774e80000,0x0000000774e80000,0x0000000775900000)
 ParOldGen       total 172032K, used 32K [0x00000006c5200000, 0x00000006cfa00000, 0x000000076c600000)
  object space 172032K, 0% used [0x00000006c5200000,0x00000006c52080a8,0x00000006cfa00000)
 Metaspace       used 20149K, capacity 21096K, committed 21248K, reserved 1067008K
  class space    used 2519K, capacity 2720K, committed 2816K, reserved 1048576K
Event: 0.990 GC heap after
Heap after GC invocations=4 (full 1):
 PSYoungGen      total 75264K, used 0K [0x000000076c600000, 0x0000000775900000, 0x00000007c0000000)
  eden space 64512K, 0% used [0x000000076c600000,0x000000076c600000,0x0000000770500000)
  from space 10752K, 0% used [0x0000000770500000,0x0000000770500000,0x0000000770f80000)
  to   space 10752K, 0% used [0x0000000774e80000,0x0000000774e80000,0x0000000775900000)
 ParOldGen       total 107008K, used 5519K [0x00000006c5200000, 0x00000006cba80000, 0x000000076c600000)
  object space 107008K, 5% used [0x00000006c5200000,0x00000006c5763cb8,0x00000006cba80000)
 Metaspace       used 20149K, capacity 21096K, committed 21248K, reserved 1067008K
  class space    used 2519K, capacity 2720K, committed 2816K, reserved 1048576K
}
Event: 1.336 GC heap before
{Heap before GC invocations=5 (full 1):
 PSYoungGen      total 75264K, used 64512K [0x000000076c600000, 0x0000000775900000, 0x00000007c0000000)
  eden space 64512K, 100% used [0x000000076c600000,0x0000000770500000,0x0000000770500000)
  from space 10752K, 0% used [0x0000000770500000,0x0000000770500000,0x0000000770f80000)
  to   space 10752K, 0% used [0x0000000774e80000,0x0000000774e80000,0x0000000775900000)
 ParOldGen       total 107008K, used 5528K [0x00000006c5200000, 0x00000006cba80000, 0x000000076c600000)
  object space 107008K, 5% used [0x00000006c5200000,0x00000006c5766068,0x00000006cba80000)
 Metaspace       used 23523K, capacity 24690K, committed 24832K, reserved 1071104K
  class space    used 2962K, capacity 3205K, committed 3328K, reserved 1048576K
Event: 1.339 GC heap after
Heap after GC invocations=5 (full 1):
 PSYoungGen      total 93184K, used 2688K [0x000000076c600000, 0x0000000775180000, 0x00000007c0000000)
  eden space 90112K, 0% used [0x000000076c600000,0x000000076c600000,0x0000000771e00000)
  from space 3072K, 87% used [0x0000000774e80000,0x0000000775120020,0x0000000775180000)
  to   space 10752K, 0% used [0x0000000773c80000,0x0000000773c80000,0x0000000774700000)
 ParOldGen       total 107008K, used 5536K [0x00000006c5200000, 0x00000006cba80000, 0x000000076c600000)
  object space 107008K, 5% used [0x00000006c5200000,0x00000006c5768068,0x00000006cba80000)
 Metaspace       used 23523K, capacity 24690K, committed 24832K, reserved 1071104K
  class space    used 2962K, capacity 3205K, committed 3328K, reserved 1048576K
}
Event: 2.454 GC heap before
{Heap before GC invocations=6 (full 1):
 PSYoungGen      total 93184K, used 92800K [0x000000076c600000, 0x0000000775180000, 0x00000007c0000000)
  eden space 90112K, 100% used [0x000000076c600000,0x0000000771e00000,0x0000000771e00000)
  from space 3072K, 87% used [0x0000000774e80000,0x0000000775120020,0x0000000775180000)
  to   space 10752K, 0% used [0x0000000773c80000,0x0000000773c80000,0x0000000774700000)
 ParOldGen       total 107008K, used 5536K [0x00000006c5200000, 0x00000006cba80000, 0x000000076c600000)
  object space 107008K, 5% used [0x00000006c5200000,0x00000006c5768068,0x00000006cba80000)
 Metaspace       used 30675K, capacity 32594K, committed 32768K, reserved 1077248K
  class space    used 3885K, capacity 4253K, committed 4352K, reserved 1048576K
Event: 2.465 GC heap after
Heap after GC invocations=6 (full 1):
 PSYoungGen      total 132096K, used 6929K [0x000000076c600000, 0x0000000774f00000, 0x00000007c0000000)
  eden space 121344K, 0% used [0x000000076c600000,0x000000076c600000,0x0000000773c80000)
  from space 10752K, 64% used [0x0000000773c80000,0x0000000774344548,0x0000000774700000)
  to   space 8192K, 0% used [0x0000000774700000,0x0000000774700000,0x0000000774f00000)
 ParOldGen       total 107008K, used 5544K [0x00000006c5200000, 0x00000006cba80000, 0x000000076c600000)
  object space 107008K, 5% used [0x00000006c5200000,0x00000006c576a068,0x00000006cba80000)
 Metaspace       used 30675K, capacity 32594K, committed 32768K, reserved 1077248K
  class space    used 3885K, capacity 4253K, committed 4352K, reserved 1048576K
}
Event: 27.818 GC heap before
{Heap before GC invocations=7 (full 1):
 PSYoungGen      total 132096K, used 42592K [0x000000076c600000, 0x0000000774f00000, 0x00000007c0000000)
  eden space 121344K, 29% used [0x000000076c600000,0x000000076e8d3d58,0x0000000773c80000)
  from space 10752K, 64% used [0x0000000773c80000,0x0000000774344548,0x0000000774700000)
  to   space 8192K, 0% used [0x0000000774700000,0x0000000774700000,0x0000000774f00000)
 ParOldGen       total 107008K, used 5544K [0x00000006c5200000, 0x00000006cba80000, 0x000000076c600000)
  object space 107008K, 5% used [0x00000006c5200000,0x00000006c576a068,0x00000006cba80000)
 Metaspace       used 33205K, capacity 35346K, committed 35416K, reserved 1079296K
  class space    used 4210K, capacity 4637K, committed 4696K, reserved 1048576K
Event: 27.823 GC heap after
Heap after GC invocations=7 (full 1):
 PSYoungGen      total 131072K, used 7444K [0x000000076c600000, 0x0000000777380000, 0x00000007c0000000)
  eden space 122880K, 0% used [0x000000076c600000,0x000000076c600000,0x0000000773e00000)
  from space 8192K, 90% used [0x0000000774700000,0x0000000774e45060,0x0000000774f00000)
  to   space 9216K, 0% used [0x0000000773e00000,0x0000000773e00000,0x0000000774700000)
 ParOldGen       total 107008K, used 5552K [0x00000006c5200000, 0x00000006cba80000, 0x000000076c600000)
  object space 107008K, 5% used [0x00000006c5200000,0x00000006c576c068,0x00000006cba80000)
 Metaspace       used 33205K, capacity 35346K, committed 35416K, reserved 1079296K
  class space    used 4210K, capacity 4637K, committed 4696K, reserved 1048576K
}
Event: 27.823 GC heap before
{Heap before GC invocations=8 (full 2):
 PSYoungGen      total 131072K, used 7444K [0x000000076c600000, 0x0000000777380000, 0x00000007c0000000)
  eden space 122880K, 0% used [0x000000076c600000,0x000000076c600000,0x0000000773e00000)
  from space 8192K, 90% used [0x0000000774700000,0x0000000774e45060,0x0000000774f00000)
  to   space 9216K, 0% used [0x0000000773e00000,0x0000000773e00000,0x0000000774700000)
 ParOldGen       total 107008K, used 5552K [0x00000006c5200000, 0x00000006cba80000, 0x000000076c600000)
  object space 107008K, 5% used [0x00000006c5200000,0x00000006c576c068,0x00000006cba80000)
 Metaspace       used 33205K, capacity 35346K, committed 35416K, reserved 1079296K
  class space    used 4210K, capacity 4637K, committed 4696K, reserved 1048576K
Event: 27.887 GC heap after
Heap after GC invocations=8 (full 2):
 PSYoungGen      total 131072K, used 0K [0x000000076c600000, 0x0000000777380000, 0x00000007c0000000)
  eden space 122880K, 0% used [0x000000076c600000,0x000000076c600000,0x0000000773e00000)
  from space 8192K, 0% used [0x0000000774700000,0x0000000774700000,0x0000000774f00000)
  to   space 9216K, 0% used [0x0000000773e00000,0x0000000773e00000,0x0000000774700000)
 ParOldGen       total 169472K, used 10961K [0x00000006c5200000, 0x00000006cf780000, 0x000000076c600000)
  object space 169472K, 6% used [0x00000006c5200000,0x00000006c5cb45e8,0x00000006cf780000)
 Metaspace       used 33205K, capacity 35346K, committed 35416K, reserved 1079296K
  class space    used 4210K, capacity 4637K, committed 4696K, reserved 1048576K
}

